0 info it worked if it ends with ok
1 verbose cli [ 'C:\\Users\\Lenovo\\AppData\\Local\\.meteor\\packages\\meteor-tool\\1.3.2_4\\mt-os.windows.x86_32\\dev_bundle\\bin\\\\node.exe',
1 verbose cli   'C:\\Users\\Lenovo\\AppData\\Local\\.meteor\\packages\\meteor-tool\\1.3.2_4\\mt-os.windows.x86_32\\dev_bundle\\lib\\node_modules\\npm\\bin\\npm-cli.js',
1 verbose cli   'install',
1 verbose cli   'angular-google-maps',
1 verbose cli   '--save' ]
2 info using npm@2.14.22
3 info using node@v0.10.43
4 verbose install initial load of C:\Lukas\Programavimas\MeteorJS\socially\package.json
5 verbose installManyTop reading scoped package data from C:\Lukas\Programavimas\MeteorJS\socially\node_modules\angular\package.json
6 verbose installManyTop reading scoped package data from C:\Lukas\Programavimas\MeteorJS\socially\node_modules\angular-meteor\package.json
7 verbose installManyTop reading scoped package data from C:\Lukas\Programavimas\MeteorJS\socially\node_modules\angular-simple-logger\package.json
8 verbose installManyTop reading scoped package data from C:\Lukas\Programavimas\MeteorJS\socially\node_modules\angular-ui-router\package.json
9 verbose installManyTop reading scoped package data from C:\Lukas\Programavimas\MeteorJS\socially\node_modules\angular-utils-pagination\package.json
10 verbose installManyTop reading scoped package data from C:\Lukas\Programavimas\MeteorJS\socially\node_modules\bootstrap\package.json
11 verbose installManyTop reading scoped package data from C:\Lukas\Programavimas\MeteorJS\socially\node_modules\underscore\package.json
12 info package.json angular-meteor@1.3.10 No repository field.
13 verbose readDependencies loading dependencies from C:\Lukas\Programavimas\MeteorJS\socially\package.json
14 silly cache add args [ 'angular-google-maps', null ]
15 verbose cache add spec angular-google-maps
16 silly cache add parsed spec { raw: 'angular-google-maps',
16 silly cache add   scope: null,
16 silly cache add   name: 'angular-google-maps',
16 silly cache add   rawSpec: '',
16 silly cache add   spec: 'latest',
16 silly cache add   type: 'tag' }
17 silly addNamed angular-google-maps@latest
18 verbose addNamed "latest" is being treated as a dist-tag for angular-google-maps
19 info addNameTag [ 'angular-google-maps', 'latest' ]
20 silly mapToRegistry name angular-google-maps
21 silly mapToRegistry using default registry
22 silly mapToRegistry registry https://registry.npmjs.org/
23 silly mapToRegistry uri https://registry.npmjs.org/angular-google-maps
24 verbose addNameTag registry:https://registry.npmjs.org/angular-google-maps not in flight; fetching
25 verbose request uri https://registry.npmjs.org/angular-google-maps
26 verbose request no auth needed
27 info attempt registry request try #1 at 16:40:02
28 verbose request id 2d99d6882469e368
29 verbose etag "DB5UPKJHY9WTNXLVCV3CNWRHQ"
30 http request GET https://registry.npmjs.org/angular-google-maps
31 http 304 https://registry.npmjs.org/angular-google-maps
32 verbose headers { date: 'Thu, 26 May 2016 14:40:06 GMT',
32 verbose headers   via: '1.1 varnish',
32 verbose headers   'cache-control': 'max-age=300',
32 verbose headers   etag: '"DB5UPKJHY9WTNXLVCV3CNWRHQ"',
32 verbose headers   age: '260',
32 verbose headers   connection: 'keep-alive',
32 verbose headers   'x-served-by': 'cache-fra1250-FRA',
32 verbose headers   'x-cache': 'HIT',
32 verbose headers   'x-cache-hits': '1',
32 verbose headers   'x-timer': 'S1464273606.178460,VS0,VE0',
32 verbose headers   vary: 'Accept-Encoding' }
33 silly get cb [ 304,
33 silly get   { date: 'Thu, 26 May 2016 14:40:06 GMT',
33 silly get     via: '1.1 varnish',
33 silly get     'cache-control': 'max-age=300',
33 silly get     etag: '"DB5UPKJHY9WTNXLVCV3CNWRHQ"',
33 silly get     age: '260',
33 silly get     connection: 'keep-alive',
33 silly get     'x-served-by': 'cache-fra1250-FRA',
33 silly get     'x-cache': 'HIT',
33 silly get     'x-cache-hits': '1',
33 silly get     'x-timer': 'S1464273606.178460,VS0,VE0',
33 silly get     vary: 'Accept-Encoding' } ]
34 verbose etag https://registry.npmjs.org/angular-google-maps from cache
35 verbose get saving angular-google-maps to C:\Users\Lenovo\AppData\Roaming\npm-cache\registry.npmjs.org\angular-google-maps\.cache.json
36 verbose correctMkdir C:\Users\Lenovo\AppData\Roaming\npm-cache correctMkdir not in flight; initializing
37 silly addNameTag next cb for angular-google-maps with tag latest
38 silly addNamed angular-google-maps@2.3.3
39 verbose addNamed "2.3.3" is a plain semver version for angular-google-maps
40 silly cache afterAdd angular-google-maps@2.3.3
41 verbose afterAdd C:\Users\Lenovo\AppData\Roaming\npm-cache\angular-google-maps\2.3.3\package\package.json not in flight; writing
42 verbose correctMkdir C:\Users\Lenovo\AppData\Roaming\npm-cache correctMkdir not in flight; initializing
43 verbose afterAdd C:\Users\Lenovo\AppData\Roaming\npm-cache\angular-google-maps\2.3.3\package\package.json written
44 silly install resolved [ { name: 'angular-google-maps',
44 silly install resolved     version: '2.3.3',
44 silly install resolved     description: 'AngularJS directives for Google Maps',
44 silly install resolved     repository:
44 silly install resolved      { type: 'git',
44 silly install resolved        url: 'git+https://github.com/angular-ui/angular-google-maps.git' },
44 silly install resolved     scripts:
44 silly install resolved      { build: 'grunt',
44 silly install resolved        buildAll: 'grunt buildAll',
44 silly install resolved        example: 'grunt example',
44 silly install resolved        mocha: 'mocha ./spec/backend/**/*.spec.* --harmony_destructuring -t 6000',
44 silly install resolved        test: 'npm run mocha && grunt bower karma',
44 silly install resolved        karma: './scripts/karma' },
44 silly install resolved     keywords: [ 'angularjs', 'googlemaps', 'directives', 'webcomponent' ],
44 silly install resolved     main: 'dist/angular-google-maps.js',
44 silly install resolved     files:
44 silly install resolved      [ 'dist/*',
44 silly install resolved        'spec/coffee/helpers/google-api-mock.coffee',
44 silly install resolved        'spec/coffee/helpers/initiator.coffee' ],
44 silly install resolved     license: 'MIT',
44 silly install resolved     devDependencies:
44 silly install resolved      { bower: '~1.4.1',
44 silly install resolved        'data-structures': '^1.4.2',
44 silly install resolved        grunt: '~0.4.5',
44 silly install resolved        'grunt-angular-architecture-graph': '^0.2.6',
44 silly install resolved        'grunt-bump': '0.3.1',
44 silly install resolved        'grunt-cli': '~0.1.13',
44 silly install resolved        'grunt-contrib-clean': '~0.6.0',
44 silly install resolved        'grunt-contrib-coffee': 'git://github.com/nmccready/grunt-contrib-coffee.git#3d47cf8e539a0a7a537e6725c78c8c61b6b170eb',
44 silly install resolved        'grunt-contrib-compress': '~0.13.0',
44 silly install resolved        'grunt-contrib-concat': '~0.5.1',
44 silly install resolved        'grunt-contrib-connect': '~0.10.1',
44 silly install resolved        'grunt-contrib-copy': '~0.8.0',
44 silly install resolved        'grunt-contrib-jasmine': '~0.9.x',
44 silly install resolved        'grunt-contrib-jshint': '~0.11.2',
44 silly install resolved        'grunt-contrib-uglify': '~0.9.1',
44 silly install resolved        'grunt-contrib-watch': '~0.6.1',
44 silly install resolved        'grunt-conventional-changelog': '~1.2.2',
44 silly install resolved        'grunt-debug-task': '^0.1.7',
44 silly install resolved        'grunt-graphviz': '^0.1.1',
44 silly install resolved        'grunt-mkdir': '~0.1.2',
44 silly install resolved        'grunt-ng-annotate': '1.0.1',
44 silly install resolved        'grunt-open': '~0.2.3',
44 silly install resolved        'grunt-replace': '^0.9.2',
44 silly install resolved        'grunt-subgrunt': '^0.4.5',
44 silly install resolved        'grunt-template-jasmine-istanbul': '~0.3.3',
44 silly install resolved        'grunt-template-jasmine-requirejs': '~0.2.3',
44 silly install resolved        'grunt-verbosity': '^0.2.2',
44 silly install resolved        'grunt-webpack': '^1.0.8',
44 silly install resolved        'grunt-wrap': '^0.3.0',
44 silly install resolved        jsonfile: '^2.0.1',
44 silly install resolved        karma: '0.13.X',
44 silly install resolved        'karma-chrome-launcher': '^0.2.0',
44 silly install resolved        'karma-coffee-preprocessor': '^0.3.0',
44 silly install resolved        'karma-coverage': '0.5.X',
44 silly install resolved        'karma-jasmine': '0.3.X',
44 silly install resolved        'karma-kickoff': '0.0.X',
44 silly install resolved        'karma-mocha-reporter': '1.X',
44 silly install resolved        'karma-phantomjs-launcher': '0.2.X',
44 silly install resolved        mocha: '2.X',
44 silly install resolved        'phantomjs-polyfill': '0.0.1',
44 silly install resolved        'require-directory': '2.1.1',
44 silly install resolved        webpack: '^1.9.10',
44 silly install resolved        yargs: '3.32.0' },
44 silly install resolved     dependencies:
44 silly install resolved      { angular: '1.2 - 1.5',
44 silly install resolved        'angular-simple-logger': '>=0.0.1',
44 silly install resolved        'google-maps-utility-library-v3-infobox': '1.1.14',
44 silly install resolved        'google-maps-utility-library-v3-keydragzoom': '2.0.9',
44 silly install resolved        'google-maps-utility-library-v3-markerwithlabel': 'git://github.com/nmccready/google-maps-utility-library-v3-markerwithlabel.git',
44 silly install resolved        'js-rich-marker': 'git://github.com/MikaFima/js-rich-marker.git#0383f4bbdad4ddf154772fedbdd27e464600e943',
44 silly install resolved        lodash: '3.X - 4.X',
44 silly install resolved        markerclustererplus: '2.1.4' },
44 silly install resolved     gitHead: '4c8240c481910377337f7d1f479662d517d4dad8',
44 silly install resolved     bugs: { url: 'https://github.com/angular-ui/angular-google-maps/issues' },
44 silly install resolved     homepage: 'https://github.com/angular-ui/angular-google-maps#readme',
44 silly install resolved     _id: 'angular-google-maps@2.3.3',
44 silly install resolved     _shasum: '07f4c709addd5fdeb28437aaa0fc800301db602c',
44 silly install resolved     _from: 'angular-google-maps@latest',
44 silly install resolved     _npmVersion: '2.15.5',
44 silly install resolved     _nodeVersion: '4.4.4',
44 silly install resolved     _npmUser: { name: 'nmccready', email: 'nemtcan@gmail.com' },
44 silly install resolved     maintainers: [ [Object] ],
44 silly install resolved     dist:
44 silly install resolved      { shasum: '07f4c709addd5fdeb28437aaa0fc800301db602c',
44 silly install resolved        tarball: 'https://registry.npmjs.org/angular-google-maps/-/angular-google-maps-2.3.3.tgz' },
44 silly install resolved     _npmOperationalInternal:
44 silly install resolved      { host: 'packages-16-east.internal.npmjs.com',
44 silly install resolved        tmp: 'tmp/angular-google-maps-2.3.3.tgz_1463176990388_0.3368052707519382' },
44 silly install resolved     directories: {},
44 silly install resolved     _resolved: 'https://registry.npmjs.org/angular-google-maps/-/angular-google-maps-2.3.3.tgz',
44 silly install resolved     readme: 'ERROR: No README data found!' } ]
45 info install angular-google-maps@2.3.3 into C:\Lukas\Programavimas\MeteorJS\socially
46 info installOne angular-google-maps@2.3.3
47 verbose installOne of angular-google-maps to C:\Lukas\Programavimas\MeteorJS\socially not in flight; installing
48 verbose correctMkdir C:\Users\Lenovo\AppData\Roaming\npm-cache\_locks correctMkdir not in flight; initializing
49 verbose lock using C:\Users\Lenovo\AppData\Roaming\npm-cache\_locks\angular-google-maps-b209ce42557ce117.lock for C:\Lukas\Programavimas\MeteorJS\socially\node_modules\angular-google-maps
50 silly install write writing angular-google-maps 2.3.3 to C:\Lukas\Programavimas\MeteorJS\socially\node_modules\angular-google-maps
51 verbose unbuild node_modules\angular-google-maps
52 silly gentlyRm C:\Lukas\Programavimas\MeteorJS\socially\node_modules\angular-google-maps is being purged from base C:\Lukas\Programavimas\MeteorJS\socially
53 verbose gentlyRm don't care about contents; nuking C:\Lukas\Programavimas\MeteorJS\socially\node_modules\angular-google-maps
54 verbose tar unpack C:\Users\Lenovo\AppData\Roaming\npm-cache\angular-google-maps\2.3.3\package.tgz
55 verbose tar unpacking to C:\Lukas\Programavimas\MeteorJS\socially\node_modules\angular-google-maps
56 silly gentlyRm C:\Lukas\Programavimas\MeteorJS\socially\node_modules\angular-google-maps is being purged
57 verbose gentlyRm don't care about contents; nuking C:\Lukas\Programavimas\MeteorJS\socially\node_modules\angular-google-maps
58 silly gunzTarPerm modes [ '777', '666' ]
59 silly gunzTarPerm extractEntry package.json
60 silly gunzTarPerm modified mode [ 'package.json', 420, 438 ]
61 silly gunzTarPerm extractEntry CHANGELOG.md
62 silly gunzTarPerm modified mode [ 'CHANGELOG.md', 420, 438 ]
63 silly gunzTarPerm extractEntry README.markdown
64 silly gunzTarPerm modified mode [ 'README.markdown', 420, 438 ]
65 silly gunzTarPerm extractEntry dist/angular-google-maps-street-view.js
66 silly gunzTarPerm modified mode [ 'dist/angular-google-maps-street-view.js', 420, 438 ]
67 silly gunzTarPerm extractEntry dist/angular-google-maps-street-view_dev_mapped.js
68 silly gunzTarPerm modified mode [ 'dist/angular-google-maps-street-view_dev_mapped.js',
68 silly gunzTarPerm   420,
68 silly gunzTarPerm   438 ]
69 silly gunzTarPerm extractEntry dist/angular-google-maps_dev_mapped.min.js
70 silly gunzTarPerm modified mode [ 'dist/angular-google-maps_dev_mapped.min.js', 420, 438 ]
71 silly gunzTarPerm extractEntry dist/angular-google-maps-street-view_dev_mapped.min.js
72 silly gunzTarPerm modified mode [ 'dist/angular-google-maps-street-view_dev_mapped.min.js',
72 silly gunzTarPerm   420,
72 silly gunzTarPerm   438 ]
73 silly gunzTarPerm extractEntry dist/angular-google-maps_dev_mapped.js
74 silly gunzTarPerm modified mode [ 'dist/angular-google-maps_dev_mapped.js', 420, 438 ]
75 silly gunzTarPerm extractEntry dist/angular-google-maps-street-view.min.js
76 silly gunzTarPerm modified mode [ 'dist/angular-google-maps-street-view.min.js', 420, 438 ]
77 silly gunzTarPerm extractEntry dist/angular-google-maps.min.js
78 silly gunzTarPerm modified mode [ 'dist/angular-google-maps.min.js', 420, 438 ]
79 silly gunzTarPerm extractEntry dist/angular-google-maps.js
80 silly gunzTarPerm modified mode [ 'dist/angular-google-maps.js', 420, 438 ]
81 silly gunzTarPerm extractEntry dist/angular-google-maps-street-view_dev_mapped.min.js.map
82 silly gunzTarPerm modified mode [ 'dist/angular-google-maps-street-view_dev_mapped.min.js.map',
82 silly gunzTarPerm   420,
82 silly gunzTarPerm   438 ]
83 silly gunzTarPerm extractEntry dist/angular-google-maps_dev_mapped.js.map
84 silly gunzTarPerm modified mode [ 'dist/angular-google-maps_dev_mapped.js.map', 420, 438 ]
85 silly gunzTarPerm extractEntry dist/angular-google-maps-street-view_dev_mapped.js.map
86 silly gunzTarPerm modified mode [ 'dist/angular-google-maps-street-view_dev_mapped.js.map',
86 silly gunzTarPerm   420,
86 silly gunzTarPerm   438 ]
87 silly gunzTarPerm extractEntry dist/architecture/dot/all.dot
88 silly gunzTarPerm modified mode [ 'dist/architecture/dot/all.dot', 420, 438 ]
89 silly gunzTarPerm extractEntry dist/architecture/dot/legend.dot
90 silly gunzTarPerm modified mode [ 'dist/architecture/dot/legend.dot', 420, 438 ]
91 silly gunzTarPerm extractEntry dist/architecture/dot/modules/uiGmapgoogle-maps.directives.api.options.dot
92 silly gunzTarPerm modified mode [ 'dist/architecture/dot/modules/uiGmapgoogle-maps.directives.api.options.dot',
92 silly gunzTarPerm   420,
92 silly gunzTarPerm   438 ]
93 silly gunzTarPerm extractEntry dist/architecture/dot/modules/uiGmapgoogle-maps.directives.api.dot
94 silly gunzTarPerm modified mode [ 'dist/architecture/dot/modules/uiGmapgoogle-maps.directives.api.dot',
94 silly gunzTarPerm   420,
94 silly gunzTarPerm   438 ]
95 silly gunzTarPerm extractEntry dist/architecture/dot/modules/uiGmapgoogle-maps.directives.api.models.child.dot
96 silly gunzTarPerm modified mode [ 'dist/architecture/dot/modules/uiGmapgoogle-maps.directives.api.models.child.dot',
96 silly gunzTarPerm   420,
96 silly gunzTarPerm   438 ]
97 silly gunzTarPerm extractEntry dist/architecture/dot/modules/uiGmapgoogle-maps.directives.api.models.parent.dot
98 silly gunzTarPerm modified mode [ 'dist/architecture/dot/modules/uiGmapgoogle-maps.directives.api.models.parent.dot',
98 silly gunzTarPerm   420,
98 silly gunzTarPerm   438 ]
99 silly gunzTarPerm extractEntry dist/architecture/dot/modules/uiGmapgoogle-maps.directives.api.options.builders.dot
100 silly gunzTarPerm modified mode [ 'dist/architecture/dot/modules/uiGmapgoogle-maps.directives.api.options.builders.dot',
100 silly gunzTarPerm   420,
100 silly gunzTarPerm   438 ]
101 silly gunzTarPerm extractEntry dist/architecture/dot/modules/uiGmapgoogle-maps.directives.api.managers.dot
102 silly gunzTarPerm modified mode [ 'dist/architecture/dot/modules/uiGmapgoogle-maps.directives.api.managers.dot',
102 silly gunzTarPerm   420,
102 silly gunzTarPerm   438 ]
103 silly gunzTarPerm extractEntry dist/architecture/dot/modules/uiGmapgoogle-maps.directives.api.utils.dot
104 silly gunzTarPerm modified mode [ 'dist/architecture/dot/modules/uiGmapgoogle-maps.directives.api.utils.dot',
104 silly gunzTarPerm   420,
104 silly gunzTarPerm   438 ]
105 silly gunzTarPerm extractEntry dist/architecture/dot/modules/uiGmapgoogle-maps.dot
106 silly gunzTarPerm modified mode [ 'dist/architecture/dot/modules/uiGmapgoogle-maps.dot',
106 silly gunzTarPerm   420,
106 silly gunzTarPerm   438 ]
107 silly gunzTarPerm extractEntry dist/architecture/dot/modules/uiGmapgoogle-maps.extensions.dot
108 silly gunzTarPerm modified mode [ 'dist/architecture/dot/modules/uiGmapgoogle-maps.extensions.dot',
108 silly gunzTarPerm   420,
108 silly gunzTarPerm   438 ]
109 silly gunzTarPerm extractEntry dist/architecture/dot/modules/uiGmapgoogle-maps.providers.dot
110 silly gunzTarPerm modified mode [ 'dist/architecture/dot/modules/uiGmapgoogle-maps.providers.dot',
110 silly gunzTarPerm   420,
110 silly gunzTarPerm   438 ]
111 silly gunzTarPerm extractEntry dist/architecture/dot/modules/uiGmapgoogle-maps.wrapped.dot
112 silly gunzTarPerm modified mode [ 'dist/architecture/dot/modules/uiGmapgoogle-maps.wrapped.dot',
112 silly gunzTarPerm   420,
112 silly gunzTarPerm   438 ]
113 silly gunzTarPerm extractEntry dist/architecture/dot/modules.dot
114 silly gunzTarPerm modified mode [ 'dist/architecture/dot/modules.dot', 420, 438 ]
115 silly gunzTarPerm extractEntry dist/architecture/png/all.png
116 silly gunzTarPerm modified mode [ 'dist/architecture/png/all.png', 420, 438 ]
117 silly gunzTarPerm extractEntry dist/architecture/png/legend.png
118 silly gunzTarPerm modified mode [ 'dist/architecture/png/legend.png', 420, 438 ]
119 silly gunzTarPerm extractEntry dist/architecture/png/modules/uiGmapgoogle-maps.directives.api.png
120 silly gunzTarPerm modified mode [ 'dist/architecture/png/modules/uiGmapgoogle-maps.directives.api.png',
120 silly gunzTarPerm   420,
120 silly gunzTarPerm   438 ]
121 silly gunzTarPerm extractEntry dist/architecture/png/modules/uiGmapgoogle-maps.directives.api.managers.png
122 silly gunzTarPerm modified mode [ 'dist/architecture/png/modules/uiGmapgoogle-maps.directives.api.managers.png',
122 silly gunzTarPerm   420,
122 silly gunzTarPerm   438 ]
123 silly gunzTarPerm extractEntry dist/architecture/png/modules/uiGmapgoogle-maps.directives.api.models.parent.png
124 silly gunzTarPerm modified mode [ 'dist/architecture/png/modules/uiGmapgoogle-maps.directives.api.models.parent.png',
124 silly gunzTarPerm   420,
124 silly gunzTarPerm   438 ]
125 silly gunzTarPerm extractEntry dist/architecture/png/modules/uiGmapgoogle-maps.directives.api.options.builders.png
126 silly gunzTarPerm modified mode [ 'dist/architecture/png/modules/uiGmapgoogle-maps.directives.api.options.builders.png',
126 silly gunzTarPerm   420,
126 silly gunzTarPerm   438 ]
127 silly gunzTarPerm extractEntry dist/architecture/png/modules/uiGmapgoogle-maps.directives.api.options.png
128 silly gunzTarPerm modified mode [ 'dist/architecture/png/modules/uiGmapgoogle-maps.directives.api.options.png',
128 silly gunzTarPerm   420,
128 silly gunzTarPerm   438 ]
129 silly gunzTarPerm extractEntry dist/architecture/png/modules/uiGmapgoogle-maps.directives.api.models.child.png
130 silly gunzTarPerm modified mode [ 'dist/architecture/png/modules/uiGmapgoogle-maps.directives.api.models.child.png',
130 silly gunzTarPerm   420,
130 silly gunzTarPerm   438 ]
131 silly gunzTarPerm extractEntry dist/architecture/png/modules/uiGmapgoogle-maps.directives.api.utils.png
132 silly gunzTarPerm modified mode [ 'dist/architecture/png/modules/uiGmapgoogle-maps.directives.api.utils.png',
132 silly gunzTarPerm   420,
132 silly gunzTarPerm   438 ]
133 silly gunzTarPerm extractEntry dist/architecture/png/modules/uiGmapgoogle-maps.extensions.png
134 silly gunzTarPerm modified mode [ 'dist/architecture/png/modules/uiGmapgoogle-maps.extensions.png',
134 silly gunzTarPerm   420,
134 silly gunzTarPerm   438 ]
135 silly gunzTarPerm extractEntry dist/architecture/png/modules/uiGmapgoogle-maps.png
136 silly gunzTarPerm modified mode [ 'dist/architecture/png/modules/uiGmapgoogle-maps.png',
136 silly gunzTarPerm   420,
136 silly gunzTarPerm   438 ]
137 silly gunzTarPerm extractEntry dist/architecture/png/modules/uiGmapgoogle-maps.providers.png
138 silly gunzTarPerm modified mode [ 'dist/architecture/png/modules/uiGmapgoogle-maps.providers.png',
138 silly gunzTarPerm   420,
138 silly gunzTarPerm   438 ]
139 silly gunzTarPerm extractEntry dist/architecture/png/modules/uiGmapgoogle-maps.wrapped.png
140 silly gunzTarPerm modified mode [ 'dist/architecture/png/modules/uiGmapgoogle-maps.wrapped.png',
140 silly gunzTarPerm   420,
140 silly gunzTarPerm   438 ]
141 silly gunzTarPerm extractEntry dist/architecture/png/modules.png
142 silly gunzTarPerm modified mode [ 'dist/architecture/png/modules.png', 420, 438 ]
143 silly gunzTarPerm extractEntry dist/coverage/dist/prettify.js
144 silly gunzTarPerm modified mode [ 'dist/coverage/dist/prettify.js', 420, 438 ]
145 silly gunzTarPerm extractEntry dist/coverage/dist/sorter.js
146 silly gunzTarPerm modified mode [ 'dist/coverage/dist/sorter.js', 420, 438 ]
147 silly gunzTarPerm extractEntry dist/coverage/dist/base.css
148 silly gunzTarPerm modified mode [ 'dist/coverage/dist/base.css', 420, 438 ]
149 silly gunzTarPerm extractEntry dist/coverage/dist/cobertura-coverage.xml
150 silly gunzTarPerm modified mode [ 'dist/coverage/dist/cobertura-coverage.xml', 420, 438 ]
151 silly gunzTarPerm extractEntry dist/coverage/dist/dist/angular-google-maps.js.html
152 silly gunzTarPerm modified mode [ 'dist/coverage/dist/dist/angular-google-maps.js.html',
152 silly gunzTarPerm   420,
152 silly gunzTarPerm   438 ]
153 silly gunzTarPerm extractEntry dist/coverage/dist/dist/index.html
154 silly gunzTarPerm modified mode [ 'dist/coverage/dist/dist/index.html', 420, 438 ]
155 silly gunzTarPerm extractEntry dist/coverage/dist/index.html
156 silly gunzTarPerm modified mode [ 'dist/coverage/dist/index.html', 420, 438 ]
157 silly gunzTarPerm extractEntry dist/coverage/dist/prettify.css
158 silly gunzTarPerm modified mode [ 'dist/coverage/dist/prettify.css', 420, 438 ]
159 silly gunzTarPerm extractEntry dist/coverage/dist/sort-arrow-sprite.png
160 silly gunzTarPerm modified mode [ 'dist/coverage/dist/sort-arrow-sprite.png', 420, 438 ]
161 verbose write writing to C:\Lukas\Programavimas\MeteorJS\socially\node_modules\angular-google-maps\package.json
162 info preinstall angular-google-maps@2.3.3
163 verbose readDependencies loading dependencies from C:\Lukas\Programavimas\MeteorJS\socially\node_modules\angular-google-maps\package.json
164 silly prepareForInstallMany adding google-maps-utility-library-v3-infobox@1.1.14 from angular-google-maps dependencies
165 silly prepareForInstallMany adding google-maps-utility-library-v3-keydragzoom@2.0.9 from angular-google-maps dependencies
166 silly prepareForInstallMany adding google-maps-utility-library-v3-markerwithlabel@git://github.com/nmccready/google-maps-utility-library-v3-markerwithlabel.git from angular-google-maps dependencies
167 silly prepareForInstallMany adding js-rich-marker@git://github.com/MikaFima/js-rich-marker.git#0383f4bbdad4ddf154772fedbdd27e464600e943 from angular-google-maps dependencies
168 silly prepareForInstallMany adding lodash@3.X - 4.X from angular-google-maps dependencies
169 silly prepareForInstallMany adding markerclustererplus@2.1.4 from angular-google-maps dependencies
170 verbose readDependencies loading dependencies from C:\Lukas\Programavimas\MeteorJS\socially\node_modules\angular-google-maps\package.json
171 silly cache add args [ 'google-maps-utility-library-v3-infobox@1.1.14', null ]
172 verbose cache add spec google-maps-utility-library-v3-infobox@1.1.14
173 silly cache add args [ 'google-maps-utility-library-v3-keydragzoom@2.0.9', null ]
174 verbose cache add spec google-maps-utility-library-v3-keydragzoom@2.0.9
175 silly cache add parsed spec { raw: 'google-maps-utility-library-v3-infobox@1.1.14',
175 silly cache add   scope: null,
175 silly cache add   name: 'google-maps-utility-library-v3-infobox',
175 silly cache add   rawSpec: '1.1.14',
175 silly cache add   spec: '1.1.14',
175 silly cache add   type: 'version' }
176 silly addNamed google-maps-utility-library-v3-infobox@1.1.14
177 verbose addNamed "1.1.14" is a plain semver version for google-maps-utility-library-v3-infobox
178 silly mapToRegistry name google-maps-utility-library-v3-infobox
179 silly mapToRegistry using default registry
180 silly mapToRegistry registry https://registry.npmjs.org/
181 silly mapToRegistry uri https://registry.npmjs.org/google-maps-utility-library-v3-infobox
182 verbose addNameVersion registry:https://registry.npmjs.org/google-maps-utility-library-v3-infobox not in flight; fetching
183 silly cache add parsed spec { raw: 'google-maps-utility-library-v3-keydragzoom@2.0.9',
183 silly cache add   scope: null,
183 silly cache add   name: 'google-maps-utility-library-v3-keydragzoom',
183 silly cache add   rawSpec: '2.0.9',
183 silly cache add   spec: '2.0.9',
183 silly cache add   type: 'version' }
184 silly addNamed google-maps-utility-library-v3-keydragzoom@2.0.9
185 verbose addNamed "2.0.9" is a plain semver version for google-maps-utility-library-v3-keydragzoom
186 silly mapToRegistry name google-maps-utility-library-v3-keydragzoom
187 silly mapToRegistry using default registry
188 silly mapToRegistry registry https://registry.npmjs.org/
189 silly mapToRegistry uri https://registry.npmjs.org/google-maps-utility-library-v3-keydragzoom
190 verbose addNameVersion registry:https://registry.npmjs.org/google-maps-utility-library-v3-keydragzoom not in flight; fetching
191 silly cache add args [ 'google-maps-utility-library-v3-markerwithlabel@git://github.com/nmccready/google-maps-utility-library-v3-markerwithlabel.git',
191 silly cache add   null ]
192 verbose cache add spec google-maps-utility-library-v3-markerwithlabel@git://github.com/nmccready/google-maps-utility-library-v3-markerwithlabel.git
193 silly cache add args [ 'js-rich-marker@git://github.com/MikaFima/js-rich-marker.git#0383f4bbdad4ddf154772fedbdd27e464600e943',
193 silly cache add   null ]
194 verbose cache add spec js-rich-marker@git://github.com/MikaFima/js-rich-marker.git#0383f4bbdad4ddf154772fedbdd27e464600e943
195 silly cache add args [ 'lodash@3.X - 4.X', null ]
196 verbose cache add spec lodash@3.X - 4.X
197 silly cache add parsed spec { raw: 'lodash@3.X - 4.X',
197 silly cache add   scope: null,
197 silly cache add   name: 'lodash',
197 silly cache add   rawSpec: '3.X - 4.X',
197 silly cache add   spec: '>=3.0.0 <5.0.0',
197 silly cache add   type: 'range' }
198 silly addNamed lodash@>=3.0.0 <5.0.0
199 verbose addNamed ">=3.0.0 <5.0.0" is a valid semver range for lodash
200 silly addNameRange { name: 'lodash', range: '>=3.0.0 <5.0.0', hasData: false }
201 silly mapToRegistry name lodash
202 silly mapToRegistry using default registry
203 silly mapToRegistry registry https://registry.npmjs.org/
204 silly mapToRegistry uri https://registry.npmjs.org/lodash
205 verbose addNameRange registry:https://registry.npmjs.org/lodash not in flight; fetching
206 silly cache add args [ 'markerclustererplus@2.1.4', null ]
207 verbose cache add spec markerclustererplus@2.1.4
208 silly cache add parsed spec { raw: 'markerclustererplus@2.1.4',
208 silly cache add   scope: null,
208 silly cache add   name: 'markerclustererplus',
208 silly cache add   rawSpec: '2.1.4',
208 silly cache add   spec: '2.1.4',
208 silly cache add   type: 'version' }
209 silly addNamed markerclustererplus@2.1.4
210 verbose addNamed "2.1.4" is a plain semver version for markerclustererplus
211 silly mapToRegistry name markerclustererplus
212 silly mapToRegistry using default registry
213 silly mapToRegistry registry https://registry.npmjs.org/
214 silly mapToRegistry uri https://registry.npmjs.org/markerclustererplus
215 verbose addNameVersion registry:https://registry.npmjs.org/markerclustererplus not in flight; fetching
216 silly cache add parsed spec { raw: 'google-maps-utility-library-v3-markerwithlabel@git://github.com/nmccready/google-maps-utility-library-v3-markerwithlabel.git',
216 silly cache add   scope: null,
216 silly cache add   name: 'google-maps-utility-library-v3-markerwithlabel',
216 silly cache add   rawSpec: 'git://github.com/nmccready/google-maps-utility-library-v3-markerwithlabel.git',
216 silly cache add   spec: 'git://github.com/nmccready/google-maps-utility-library-v3-markerwithlabel.git',
216 silly cache add   type: 'hosted',
216 silly cache add   hosted:
216 silly cache add    { type: 'github',
216 silly cache add      ssh: 'git@github.com:nmccready/google-maps-utility-library-v3-markerwithlabel.git',
216 silly cache add      sshUrl: 'git+ssh://git@github.com/nmccready/google-maps-utility-library-v3-markerwithlabel.git',
216 silly cache add      httpsUrl: 'git+https://github.com/nmccready/google-maps-utility-library-v3-markerwithlabel.git',
216 silly cache add      gitUrl: 'git://github.com/nmccready/google-maps-utility-library-v3-markerwithlabel.git',
216 silly cache add      shortcut: 'github:nmccready/google-maps-utility-library-v3-markerwithlabel',
216 silly cache add      directUrl: 'https://raw.githubusercontent.com/nmccready/google-maps-utility-library-v3-markerwithlabel/master/package.json' } }
217 verbose addRemoteGit caching git://github.com/nmccready/google-maps-utility-library-v3-markerwithlabel.git
218 verbose addRemoteGit git://github.com/nmccready/google-maps-utility-library-v3-markerwithlabel.git is a repository hosted by github
219 silly tryClone cloning git://github.com/nmccready/google-maps-utility-library-v3-markerwithlabel.git via git://github.com/nmccready/google-maps-utility-library-v3-markerwithlabel.git
220 verbose tryClone git-github-com-nmccready-google-maps-utility-library-v3-markerwithlabel-git-b0832bc5 not in flight; caching
221 verbose correctMkdir C:\Users\Lenovo\AppData\Roaming\npm-cache\_git-remotes correctMkdir not in flight; initializing
222 silly cache add parsed spec { raw: 'js-rich-marker@git://github.com/MikaFima/js-rich-marker.git#0383f4bbdad4ddf154772fedbdd27e464600e943',
222 silly cache add   scope: null,
222 silly cache add   name: 'js-rich-marker',
222 silly cache add   rawSpec: 'git://github.com/MikaFima/js-rich-marker.git#0383f4bbdad4ddf154772fedbdd27e464600e943',
222 silly cache add   spec: 'git://github.com/MikaFima/js-rich-marker.git#0383f4bbdad4ddf154772fedbdd27e464600e943',
222 silly cache add   type: 'hosted',
222 silly cache add   hosted:
222 silly cache add    { type: 'github',
222 silly cache add      ssh: 'git@github.com:MikaFima/js-rich-marker.git#0383f4bbdad4ddf154772fedbdd27e464600e943',
222 silly cache add      sshUrl: 'git+ssh://git@github.com/MikaFima/js-rich-marker.git#0383f4bbdad4ddf154772fedbdd27e464600e943',
222 silly cache add      httpsUrl: 'git+https://github.com/MikaFima/js-rich-marker.git#0383f4bbdad4ddf154772fedbdd27e464600e943',
222 silly cache add      gitUrl: 'git://github.com/MikaFima/js-rich-marker.git#0383f4bbdad4ddf154772fedbdd27e464600e943',
222 silly cache add      shortcut: 'github:MikaFima/js-rich-marker#0383f4bbdad4ddf154772fedbdd27e464600e943',
222 silly cache add      directUrl: 'https://raw.githubusercontent.com/MikaFima/js-rich-marker/0383f4bbdad4ddf154772fedbdd27e464600e943/package.json' } }
223 verbose addRemoteGit caching git://github.com/MikaFima/js-rich-marker.git#0383f4bbdad4ddf154772fedbdd27e464600e943
224 verbose addRemoteGit git://github.com/MikaFima/js-rich-marker.git#0383f4bbdad4ddf154772fedbdd27e464600e943 is a repository hosted by github
225 silly tryClone cloning git://github.com/MikaFima/js-rich-marker.git#0383f4bbdad4ddf154772fedbdd27e464600e943 via git://github.com/MikaFima/js-rich-marker.git#0383f4bbdad4ddf154772fedbdd27e464600e943
226 verbose tryClone git-github-com-MikaFima-js-rich-marker-git-1f09cb2c not in flight; caching
227 verbose correctMkdir C:\Users\Lenovo\AppData\Roaming\npm-cache\_git-remotes correctMkdir already in flight; waiting
228 verbose request uri https://registry.npmjs.org/google-maps-utility-library-v3-keydragzoom
229 verbose request no auth needed
230 info attempt registry request try #1 at 16:40:03
231 verbose etag "71E1IW5FJZN0PN10KWII4UW57"
232 http request GET https://registry.npmjs.org/google-maps-utility-library-v3-keydragzoom
233 verbose request uri https://registry.npmjs.org/google-maps-utility-library-v3-infobox
234 verbose request no auth needed
235 info attempt registry request try #1 at 16:40:03
236 verbose etag "6ZCXYKNZ960ENQKOOMYKS00SC"
237 http request GET https://registry.npmjs.org/google-maps-utility-library-v3-infobox
238 verbose request uri https://registry.npmjs.org/markerclustererplus
239 verbose request no auth needed
240 info attempt registry request try #1 at 16:40:03
241 verbose etag "DBCNME7X11UTJJ8ZOQAC86VWT"
242 http request GET https://registry.npmjs.org/markerclustererplus
243 verbose request uri https://registry.npmjs.org/lodash
244 verbose request no auth needed
245 info attempt registry request try #1 at 16:40:03
246 verbose etag "6EVWK4S1VPV74EZT640EUIW89"
247 http request GET https://registry.npmjs.org/lodash
248 info git [ 'config', '--get', 'remote.origin.url' ]
249 info git [ 'config', '--get', 'remote.origin.url' ]
250 warn addRemoteGit Error: Command failed:
250 warn addRemoteGit     at ChildProcess.exithandler (child_process.js:658:15)
250 warn addRemoteGit     at ChildProcess.emit (events.js:98:17)
250 warn addRemoteGit     at maybeClose (child_process.js:766:16)
250 warn addRemoteGit     at Process.ChildProcess._handle.onexit (child_process.js:833:5)
250 warn addRemoteGit  git://github.com/nmccready/google-maps-utility-library-v3-markerwithlabel.git resetting remote C:\Users\Lenovo\AppData\Roaming\npm-cache\_git-remotes\git-github-com-nmccready-google-maps-utility-library-v3-markerwithlabel-git-b0832bc5 because of error: { [Error: Command failed: ] killed: false, code: 1, signal: null }
251 info resetRemote resetting C:\Users\Lenovo\AppData\Roaming\npm-cache\_git-remotes\git-github-com-nmccready-google-maps-utility-library-v3-markerwithlabel-git-b0832bc5 for git://github.com/nmccready/google-maps-utility-library-v3-markerwithlabel.git
252 silly gentlyRm C:\Users\Lenovo\AppData\Roaming\npm-cache\_git-remotes\git-github-com-nmccready-google-maps-utility-library-v3-markerwithlabel-git-b0832bc5 is being purged
253 verbose gentlyRm don't care about contents; nuking C:\Users\Lenovo\AppData\Roaming\npm-cache\_git-remotes\git-github-com-nmccready-google-maps-utility-library-v3-markerwithlabel-git-b0832bc5
254 silly vacuum-fs purging C:\Users\Lenovo\AppData\Roaming\npm-cache\_git-remotes\git-github-com-nmccready-google-maps-utility-library-v3-markerwithlabel-git-b0832bc5
255 silly validateExistingRemote git://github.com/MikaFima/js-rich-marker.git#0383f4bbdad4ddf154772fedbdd27e464600e943 remote.origin.url: git://github.com/MikaFima/js-rich-marker.git
256 verbose validateExistingRemote git://github.com/MikaFima/js-rich-marker.git#0383f4bbdad4ddf154772fedbdd27e464600e943 is updating existing cached remote C:\Users\Lenovo\AppData\Roaming\npm-cache\_git-remotes\git-github-com-MikaFima-js-rich-marker-git-1f09cb2c
257 silly vacuum-fs quitting because other entries in C:\Users\Lenovo\AppData\Roaming\npm-cache\_git-remotes
258 info git [ 'fetch', '-a', 'origin' ]
259 http 304 https://registry.npmjs.org/google-maps-utility-library-v3-keydragzoom
260 verbose headers { date: 'Thu, 26 May 2016 14:40:06 GMT',
260 verbose headers   via: '1.1 varnish',
260 verbose headers   'cache-control': 'max-age=300',
260 verbose headers   etag: '"71E1IW5FJZN0PN10KWII4UW57"',
260 verbose headers   age: '256',
260 verbose headers   connection: 'keep-alive',
260 verbose headers   'x-served-by': 'cache-fra1228-FRA',
260 verbose headers   'x-cache': 'HIT',
260 verbose headers   'x-cache-hits': '1',
260 verbose headers   'x-timer': 'S1464273606.996048,VS0,VE0',
260 verbose headers   vary: 'Accept-Encoding' }
261 silly get cb [ 304,
261 silly get   { date: 'Thu, 26 May 2016 14:40:06 GMT',
261 silly get     via: '1.1 varnish',
261 silly get     'cache-control': 'max-age=300',
261 silly get     etag: '"71E1IW5FJZN0PN10KWII4UW57"',
261 silly get     age: '256',
261 silly get     connection: 'keep-alive',
261 silly get     'x-served-by': 'cache-fra1228-FRA',
261 silly get     'x-cache': 'HIT',
261 silly get     'x-cache-hits': '1',
261 silly get     'x-timer': 'S1464273606.996048,VS0,VE0',
261 silly get     vary: 'Accept-Encoding' } ]
262 verbose etag https://registry.npmjs.org/google-maps-utility-library-v3-keydragzoom from cache
263 verbose get saving google-maps-utility-library-v3-keydragzoom to C:\Users\Lenovo\AppData\Roaming\npm-cache\registry.npmjs.org\google-maps-utility-library-v3-keydragzoom\.cache.json
264 verbose correctMkdir C:\Users\Lenovo\AppData\Roaming\npm-cache correctMkdir not in flight; initializing
265 http 304 https://registry.npmjs.org/markerclustererplus
266 verbose headers { date: 'Thu, 26 May 2016 14:40:06 GMT',
266 verbose headers   via: '1.1 varnish',
266 verbose headers   'cache-control': 'max-age=300',
266 verbose headers   etag: '"DBCNME7X11UTJJ8ZOQAC86VWT"',
266 verbose headers   age: '255',
266 verbose headers   connection: 'keep-alive',
266 verbose headers   'x-served-by': 'cache-fra1236-FRA',
266 verbose headers   'x-cache': 'HIT',
266 verbose headers   'x-cache-hits': '2',
266 verbose headers   'x-timer': 'S1464273606.996999,VS0,VE0',
266 verbose headers   vary: 'Accept-Encoding' }
267 silly get cb [ 304,
267 silly get   { date: 'Thu, 26 May 2016 14:40:06 GMT',
267 silly get     via: '1.1 varnish',
267 silly get     'cache-control': 'max-age=300',
267 silly get     etag: '"DBCNME7X11UTJJ8ZOQAC86VWT"',
267 silly get     age: '255',
267 silly get     connection: 'keep-alive',
267 silly get     'x-served-by': 'cache-fra1236-FRA',
267 silly get     'x-cache': 'HIT',
267 silly get     'x-cache-hits': '2',
267 silly get     'x-timer': 'S1464273606.996999,VS0,VE0',
267 silly get     vary: 'Accept-Encoding' } ]
268 verbose etag https://registry.npmjs.org/markerclustererplus from cache
269 verbose get saving markerclustererplus to C:\Users\Lenovo\AppData\Roaming\npm-cache\registry.npmjs.org\markerclustererplus\.cache.json
270 verbose correctMkdir C:\Users\Lenovo\AppData\Roaming\npm-cache correctMkdir not in flight; initializing
271 http 304 https://registry.npmjs.org/google-maps-utility-library-v3-infobox
272 verbose headers { date: 'Thu, 26 May 2016 14:40:06 GMT',
272 verbose headers   via: '1.1 varnish',
272 verbose headers   'cache-control': 'max-age=300',
272 verbose headers   etag: '"6ZCXYKNZ960ENQKOOMYKS00SC"',
272 verbose headers   age: '256',
272 verbose headers   connection: 'keep-alive',
272 verbose headers   'x-served-by': 'cache-fra1222-FRA',
272 verbose headers   'x-cache': 'HIT',
272 verbose headers   'x-cache-hits': '1',
272 verbose headers   'x-timer': 'S1464273606.997974,VS0,VE0',
272 verbose headers   vary: 'Accept-Encoding' }
273 silly get cb [ 304,
273 silly get   { date: 'Thu, 26 May 2016 14:40:06 GMT',
273 silly get     via: '1.1 varnish',
273 silly get     'cache-control': 'max-age=300',
273 silly get     etag: '"6ZCXYKNZ960ENQKOOMYKS00SC"',
273 silly get     age: '256',
273 silly get     connection: 'keep-alive',
273 silly get     'x-served-by': 'cache-fra1222-FRA',
273 silly get     'x-cache': 'HIT',
273 silly get     'x-cache-hits': '1',
273 silly get     'x-timer': 'S1464273606.997974,VS0,VE0',
273 silly get     vary: 'Accept-Encoding' } ]
274 verbose etag https://registry.npmjs.org/google-maps-utility-library-v3-infobox from cache
275 verbose get saving google-maps-utility-library-v3-infobox to C:\Users\Lenovo\AppData\Roaming\npm-cache\registry.npmjs.org\google-maps-utility-library-v3-infobox\.cache.json
276 verbose correctMkdir C:\Users\Lenovo\AppData\Roaming\npm-cache correctMkdir not in flight; initializing
277 info git [ 'clone',
277 info git   '--template=C:\\Users\\Lenovo\\AppData\\Roaming\\npm-cache\\_git-remotes\\_templates',
277 info git   '--mirror',
277 info git   'git://github.com/nmccready/google-maps-utility-library-v3-markerwithlabel.git',
277 info git   'C:\\Users\\Lenovo\\AppData\\Roaming\\npm-cache\\_git-remotes\\git-github-com-nmccready-google-maps-utility-library-v3-markerwithlabel-git-b0832bc5' ]
278 silly cache afterAdd markerclustererplus@2.1.4
279 verbose afterAdd C:\Users\Lenovo\AppData\Roaming\npm-cache\markerclustererplus\2.1.4\package\package.json not in flight; writing
280 verbose correctMkdir C:\Users\Lenovo\AppData\Roaming\npm-cache correctMkdir not in flight; initializing
281 silly cache afterAdd google-maps-utility-library-v3-keydragzoom@2.0.9
282 verbose afterAdd C:\Users\Lenovo\AppData\Roaming\npm-cache\google-maps-utility-library-v3-keydragzoom\2.0.9\package\package.json not in flight; writing
283 verbose correctMkdir C:\Users\Lenovo\AppData\Roaming\npm-cache correctMkdir not in flight; initializing
284 silly cache afterAdd google-maps-utility-library-v3-infobox@1.1.14
285 verbose afterAdd C:\Users\Lenovo\AppData\Roaming\npm-cache\google-maps-utility-library-v3-infobox\1.1.14\package\package.json not in flight; writing
286 verbose correctMkdir C:\Users\Lenovo\AppData\Roaming\npm-cache correctMkdir not in flight; initializing
287 verbose afterAdd C:\Users\Lenovo\AppData\Roaming\npm-cache\markerclustererplus\2.1.4\package\package.json written
288 verbose afterAdd C:\Users\Lenovo\AppData\Roaming\npm-cache\google-maps-utility-library-v3-infobox\1.1.14\package\package.json written
289 http 200 https://registry.npmjs.org/lodash
290 verbose headers { server: 'CouchDB/1.5.0 (Erlang OTP/R16B03)',
290 verbose headers   etag: '"B4LIK6DJ0TC7SSF25B5N9IFDG"',
290 verbose headers   'content-type': 'application/json',
290 verbose headers   'content-encoding': 'gzip',
290 verbose headers   'cache-control': 'max-age=300',
290 verbose headers   'content-length': '17493',
290 verbose headers   'accept-ranges': 'bytes',
290 verbose headers   date: 'Thu, 26 May 2016 14:40:06 GMT',
290 verbose headers   via: '1.1 varnish',
290 verbose headers   age: '34',
290 verbose headers   connection: 'keep-alive',
290 verbose headers   'x-served-by': 'cache-fra1225-FRA',
290 verbose headers   'x-cache': 'HIT',
290 verbose headers   'x-cache-hits': '13',
290 verbose headers   'x-timer': 'S1464273606.996931,VS0,VE0',
290 verbose headers   vary: 'Accept-Encoding' }
291 silly get cb [ 200,
291 silly get   { server: 'CouchDB/1.5.0 (Erlang OTP/R16B03)',
291 silly get     etag: '"B4LIK6DJ0TC7SSF25B5N9IFDG"',
291 silly get     'content-type': 'application/json',
291 silly get     'content-encoding': 'gzip',
291 silly get     'cache-control': 'max-age=300',
291 silly get     'content-length': '17493',
291 silly get     'accept-ranges': 'bytes',
291 silly get     date: 'Thu, 26 May 2016 14:40:06 GMT',
291 silly get     via: '1.1 varnish',
291 silly get     age: '34',
291 silly get     connection: 'keep-alive',
291 silly get     'x-served-by': 'cache-fra1225-FRA',
291 silly get     'x-cache': 'HIT',
291 silly get     'x-cache-hits': '13',
291 silly get     'x-timer': 'S1464273606.996931,VS0,VE0',
291 silly get     vary: 'Accept-Encoding' } ]
292 verbose get saving lodash to C:\Users\Lenovo\AppData\Roaming\npm-cache\registry.npmjs.org\lodash\.cache.json
293 verbose correctMkdir C:\Users\Lenovo\AppData\Roaming\npm-cache correctMkdir not in flight; initializing
294 verbose afterAdd C:\Users\Lenovo\AppData\Roaming\npm-cache\google-maps-utility-library-v3-keydragzoom\2.0.9\package\package.json written
295 silly addNameRange number 2 { name: 'lodash', range: '>=3.0.0 <5.0.0', hasData: true }
296 silly addNameRange versions [ 'lodash',
296 silly addNameRange   [ '0.1.0',
296 silly addNameRange     '0.2.0',
296 silly addNameRange     '0.2.1',
296 silly addNameRange     '0.2.2',
296 silly addNameRange     '0.3.0',
296 silly addNameRange     '0.3.1',
296 silly addNameRange     '0.3.2',
296 silly addNameRange     '0.4.0',
296 silly addNameRange     '0.4.1',
296 silly addNameRange     '0.4.2',
296 silly addNameRange     '0.5.0-rc.1',
296 silly addNameRange     '0.5.0',
296 silly addNameRange     '0.5.1',
296 silly addNameRange     '0.5.2',
296 silly addNameRange     '0.6.0',
296 silly addNameRange     '0.6.1',
296 silly addNameRange     '0.7.0',
296 silly addNameRange     '0.8.0',
296 silly addNameRange     '0.8.1',
296 silly addNameRange     '0.8.2',
296 silly addNameRange     '0.9.0',
296 silly addNameRange     '0.9.1',
296 silly addNameRange     '0.9.2',
296 silly addNameRange     '0.10.0',
296 silly addNameRange     '1.0.0-rc.1',
296 silly addNameRange     '1.0.0-rc.2',
296 silly addNameRange     '1.0.0-rc.3',
296 silly addNameRange     '1.0.0',
296 silly addNameRange     '1.0.1',
296 silly addNameRange     '1.1.0',
296 silly addNameRange     '1.1.1',
296 silly addNameRange     '1.2.0',
296 silly addNameRange     '1.2.1',
296 silly addNameRange     '1.3.0',
296 silly addNameRange     '1.3.1',
296 silly addNameRange     '2.0.0',
296 silly addNameRange     '2.1.0',
296 silly addNameRange     '2.2.0',
296 silly addNameRange     '2.2.1',
296 silly addNameRange     '2.3.0',
296 silly addNameRange     '2.4.0',
296 silly addNameRange     '2.4.1',
296 silly addNameRange     '3.0.0',
296 silly addNameRange     '3.0.1',
296 silly addNameRange     '3.1.0',
296 silly addNameRange     '3.2.0',
296 silly addNameRange     '3.3.0',
296 silly addNameRange     '3.3.1',
296 silly addNameRange     '3.4.0',
296 silly addNameRange     '3.5.0',
296 silly addNameRange     '3.6.0',
296 silly addNameRange     '1.0.2',
296 silly addNameRange     '3.7.0',
296 silly addNameRange     '2.4.2',
296 silly addNameRange     '3.8.0',
296 silly addNameRange     '3.9.0',
296 silly addNameRange     '3.9.1',
296 silly addNameRange     '3.9.2',
296 silly addNameRange     '3.9.3',
296 silly addNameRange     '3.10.0',
296 silly addNameRange     '3.10.1',
296 silly addNameRange     '4.0.0',
296 silly addNameRange     '4.0.1',
296 silly addNameRange     '4.1.0',
296 silly addNameRange     '4.2.0',
296 silly addNameRange     '4.2.1',
296 silly addNameRange     '4.3.0',
296 silly addNameRange     '4.4.0',
296 silly addNameRange     '4.5.0',
296 silly addNameRange     '4.5.1',
296 silly addNameRange     '4.6.0',
296 silly addNameRange     '4.6.1',
296 silly addNameRange     '4.7.0',
296 silly addNameRange     '4.8.0',
296 silly addNameRange     '4.8.1',
296 silly addNameRange     '4.8.2',
296 silly addNameRange     '4.9.0',
296 silly addNameRange     '4.10.0',
296 silly addNameRange     '4.11.0',
296 silly addNameRange     '4.11.1',
296 silly addNameRange     '4.11.2',
296 silly addNameRange     '4.12.0',
296 silly addNameRange     '4.13.0',
296 silly addNameRange     '4.13.1' ] ]
297 silly addNamed lodash@4.13.1
298 verbose addNamed "4.13.1" is a plain semver version for lodash
299 silly cache afterAdd lodash@4.13.1
300 verbose afterAdd C:\Users\Lenovo\AppData\Roaming\npm-cache\lodash\4.13.1\package\package.json not in flight; writing
301 verbose correctMkdir C:\Users\Lenovo\AppData\Roaming\npm-cache correctMkdir not in flight; initializing
302 verbose afterAdd C:\Users\Lenovo\AppData\Roaming\npm-cache\lodash\4.13.1\package\package.json written
303 verbose updateRemote git fetch -a origin (git://github.com/MikaFima/js-rich-marker.git)
304 verbose setPermissions git://github.com/MikaFima/js-rich-marker.git#0383f4bbdad4ddf154772fedbdd27e464600e943 skipping chownr on Windows
305 verbose resolveHead git://github.com/MikaFima/js-rich-marker.git#0383f4bbdad4ddf154772fedbdd27e464600e943 original treeish: 0383f4bbdad4ddf154772fedbdd27e464600e943
306 info git [ 'rev-list', '-n1', '0383f4bbdad4ddf154772fedbdd27e464600e943' ]
307 silly resolveHead git://github.com/MikaFima/js-rich-marker.git#0383f4bbdad4ddf154772fedbdd27e464600e943 resolved treeish: 0383f4bbdad4ddf154772fedbdd27e464600e943
308 verbose resolveHead git://github.com/MikaFima/js-rich-marker.git#0383f4bbdad4ddf154772fedbdd27e464600e943 resolved Git URL: git://github.com/MikaFima/js-rich-marker.git#0383f4bbdad4ddf154772fedbdd27e464600e943
309 silly resolveHead Git working directory: C:\Users\Lenovo\AppData\Local\Temp\npm-7904-6593033a\git-cache-812865e2976b\0383f4bbdad4ddf154772fedbdd27e464600e943
310 info git [ 'clone',
310 info git   'C:\\Users\\Lenovo\\AppData\\Roaming\\npm-cache\\_git-remotes\\git-github-com-MikaFima-js-rich-marker-git-1f09cb2c',
310 info git   'C:\\Users\\Lenovo\\AppData\\Local\\Temp\\npm-7904-6593033a\\git-cache-812865e2976b\\0383f4bbdad4ddf154772fedbdd27e464600e943' ]
311 verbose cloneResolved git://github.com/MikaFima/js-rich-marker.git#0383f4bbdad4ddf154772fedbdd27e464600e943 clone Cloning into 'C:\Users\Lenovo\AppData\Local\Temp\npm-7904-6593033a\git-cache-812865e2976b\0383f4bbdad4ddf154772fedbdd27e464600e943'...
311 verbose cloneResolved done.
312 info git [ 'checkout', '0383f4bbdad4ddf154772fedbdd27e464600e943' ]
313 verbose checkoutTreeish git://github.com/MikaFima/js-rich-marker.git#0383f4bbdad4ddf154772fedbdd27e464600e943 checkout Note: checking out '0383f4bbdad4ddf154772fedbdd27e464600e943'.
313 verbose checkoutTreeish
313 verbose checkoutTreeish You are in 'detached HEAD' state. You can look around, make experimental
313 verbose checkoutTreeish changes and commit them, and you can discard any commits you make in this
313 verbose checkoutTreeish state without impacting any branches by performing another checkout.
313 verbose checkoutTreeish
313 verbose checkoutTreeish If you want to create a new branch to retain commits you create, you may
313 verbose checkoutTreeish do so (now or later) by using -b with the checkout command again. Example:
313 verbose checkoutTreeish
313 verbose checkoutTreeish   git checkout -b <new-branch-name>
313 verbose checkoutTreeish
313 verbose checkoutTreeish HEAD is now at 0383f4b... Add package.json
314 verbose addLocalDirectory C:\Users\Lenovo\AppData\Roaming\npm-cache\js-rich-marker\1.0.0\package.tgz not in flight; packing
315 verbose correctMkdir C:\Users\Lenovo\AppData\Roaming\npm-cache correctMkdir not in flight; initializing
316 verbose tar pack [ 'C:\\Users\\Lenovo\\AppData\\Roaming\\npm-cache\\js-rich-marker\\1.0.0\\package.tgz',
316 verbose tar pack   'C:\\Users\\Lenovo\\AppData\\Local\\Temp\\npm-7904-6593033a\\git-cache-812865e2976b\\0383f4bbdad4ddf154772fedbdd27e464600e943' ]
317 verbose tarball C:\Users\Lenovo\AppData\Roaming\npm-cache\js-rich-marker\1.0.0\package.tgz
318 verbose folder C:\Users\Lenovo\AppData\Local\Temp\npm-7904-6593033a\git-cache-812865e2976b\0383f4bbdad4ddf154772fedbdd27e464600e943
319 verbose addLocalTarball adding from inside cache C:\Users\Lenovo\AppData\Roaming\npm-cache\js-rich-marker\1.0.0\package.tgz
320 verbose correctMkdir C:\Users\Lenovo\AppData\Roaming\npm-cache correctMkdir not in flight; initializing
321 verbose addRemoteGit data._from: git://github.com/MikaFima/js-rich-marker.git#0383f4bbdad4ddf154772fedbdd27e464600e943
322 verbose addRemoteGit data._resolved: git://github.com/MikaFima/js-rich-marker.git#0383f4bbdad4ddf154772fedbdd27e464600e943
323 silly cache afterAdd js-rich-marker@1.0.0
324 verbose afterAdd C:\Users\Lenovo\AppData\Roaming\npm-cache\js-rich-marker\1.0.0\package\package.json not in flight; writing
325 verbose correctMkdir C:\Users\Lenovo\AppData\Roaming\npm-cache correctMkdir not in flight; initializing
326 verbose afterAdd C:\Users\Lenovo\AppData\Roaming\npm-cache\js-rich-marker\1.0.0\package\package.json written
327 error git clone --template=C:\Users\Lenovo\AppData\Roaming\npm-cache\_git-remotes\_templates --mirror git://github.com/nmccready/google-maps-utility-library-v3-markerwithlabel.git C:\Users\Lenovo\AppData\Roaming\npm-cache\_git-remotes\git-github-com-nmccready-google-maps-utility-library-v3-markerwithlabel-git-b0832bc5: Cloning into bare repository 'C:\Users\Lenovo\AppData\Roaming\npm-cache\_git-remotes\git-github-com-nmccready-google-maps-utility-library-v3-markerwithlabel-git-b0832bc5'...
327 error git clone --template=C:\Users\Lenovo\AppData\Roaming\npm-cache\_git-remotes\_templates --mirror git://github.com/nmccready/google-maps-utility-library-v3-markerwithlabel.git C:\Users\Lenovo\AppData\Roaming\npm-cache\_git-remotes\git-github-com-nmccready-google-maps-utility-library-v3-markerwithlabel-git-b0832bc5: fatal: read error: Invalid argument
328 verbose about to build C:\Lukas\Programavimas\MeteorJS\socially\node_modules\angular-google-maps
329 verbose unlock done using C:\Users\Lenovo\AppData\Roaming\npm-cache\_locks\angular-google-maps-b209ce42557ce117.lock for C:\Lukas\Programavimas\MeteorJS\socially\node_modules\angular-google-maps
330 verbose stack Error: Command failed: Cloning into bare repository 'C:\Users\Lenovo\AppData\Roaming\npm-cache\_git-remotes\git-github-com-nmccready-google-maps-utility-library-v3-markerwithlabel-git-b0832bc5'...
330 verbose stack fatal: read error: Invalid argument
330 verbose stack
330 verbose stack     at ChildProcess.exithandler (child_process.js:658:15)
330 verbose stack     at ChildProcess.emit (events.js:98:17)
330 verbose stack     at maybeClose (child_process.js:766:16)
330 verbose stack     at Process.ChildProcess._handle.onexit (child_process.js:833:5)
331 verbose cwd C:\Lukas\Programavimas\MeteorJS\socially
332 error Windows_NT 10.0.10586
333 error argv "C:\\Users\\Lenovo\\AppData\\Local\\.meteor\\packages\\meteor-tool\\1.3.2_4\\mt-os.windows.x86_32\\dev_bundle\\bin\\\\node.exe" "C:\\Users\\Lenovo\\AppData\\Local\\.meteor\\packages\\meteor-tool\\1.3.2_4\\mt-os.windows.x86_32\\dev_bundle\\lib\\node_modules\\npm\\bin\\npm-cli.js" "install" "angular-google-maps" "--save"
334 error node v0.10.43
335 error npm  v2.14.22
336 error code 128
337 error Command failed: Cloning into bare repository 'C:\Users\Lenovo\AppData\Roaming\npm-cache\_git-remotes\git-github-com-nmccready-google-maps-utility-library-v3-markerwithlabel-git-b0832bc5'...
337 error fatal: read error: Invalid argument
338 error If you need help, you may report this error at:
338 error     <https://github.com/npm/npm/issues>
339 verbose exit [ 1, true ]
340 verbose unbuild node_modules\angular-google-maps
341 info preuninstall angular-google-maps@2.3.3
342 info uninstall angular-google-maps@2.3.3
343 verbose unbuild rmStuff angular-google-maps@2.3.3 from C:\Lukas\Programavimas\MeteorJS\socially\node_modules
344 info postuninstall angular-google-maps@2.3.3
345 silly gentlyRm C:\Lukas\Programavimas\MeteorJS\socially\node_modules\angular-google-maps is being purged from base C:\Lukas\Programavimas\MeteorJS\socially
346 verbose gentlyRm don't care about contents; nuking C:\Lukas\Programavimas\MeteorJS\socially\node_modules\angular-google-maps
347 silly vacuum-fs purging C:\Lukas\Programavimas\MeteorJS\socially\node_modules\angular-google-maps
348 silly vacuum-fs quitting because other entries in C:\Lukas\Programavimas\MeteorJS\socially\node_modules
